<?xml version="1.0" encoding="UTF-8"?>
<testng-results total="4" passed="4" failed="0" skipped="0">
  <reporter-output>
  </reporter-output>
  <suite started-at="2022-02-25T13:43:13Z" name="Default suite" finished-at="2022-02-25T13:43:15Z" duration-ms="2119">
    <groups>
    </groups>
    <test started-at="2022-02-25T13:43:13Z" name="Default test" finished-at="2022-02-25T13:43:15Z" duration-ms="2119">
      <class name="com.sddevops.DevOpsProject.NewTest">
        <test-method is-config="true" signature="beforeTest()[pri:0, instance:com.sddevops.DevOpsProject.NewTest@7ceb3185]" started-at="2022-02-25T21:43:13Z" name="beforeTest" finished-at="2022-02-25T21:43:14Z" duration-ms="985" status="PASS">
          <reporter-output>
          </reporter-output>
        </test-method> <!-- beforeTest -->
        <test-method signature="AddProfile()[pri:0, instance:com.sddevops.DevOpsProject.NewTest@7ceb3185]" started-at="2022-02-25T21:43:14Z" name="AddProfile" finished-at="2022-02-25T21:43:14Z" duration-ms="550" status="PASS">
          <reporter-output>
          </reporter-output>
        </test-method> <!-- AddProfile -->
        <test-method signature="Delete()[pri:0, instance:com.sddevops.DevOpsProject.NewTest@7ceb3185]" started-at="2022-02-25T21:43:14Z" name="Delete" finished-at="2022-02-25T21:43:14Z" duration-ms="78" status="PASS">
          <reporter-output>
          </reporter-output>
        </test-method> <!-- Delete -->
        <test-method signature="Edit()[pri:0, instance:com.sddevops.DevOpsProject.NewTest@7ceb3185]" started-at="2022-02-25T21:43:14Z" name="Edit" finished-at="2022-02-25T21:43:15Z" duration-ms="334" status="PASS">
          <reporter-output>
          </reporter-output>
        </test-method> <!-- Edit -->
        <test-method signature="checkTitle()[pri:0, instance:com.sddevops.DevOpsProject.NewTest@7ceb3185]" started-at="2022-02-25T21:43:15Z" name="checkTitle" finished-at="2022-02-25T21:43:15Z" duration-ms="106" status="PASS">
          <reporter-output>
          </reporter-output>
        </test-method> <!-- checkTitle -->
        <test-method is-config="true" signature="afterTest()[pri:0, instance:com.sddevops.DevOpsProject.NewTest@7ceb3185]" started-at="2022-02-25T21:43:15Z" name="afterTest" finished-at="2022-02-25T21:43:15Z" duration-ms="54" status="PASS">
          <reporter-output>
          </reporter-output>
        </test-method> <!-- afterTest -->
      </class> <!-- com.sddevops.DevOpsProject.NewTest -->
    </test> <!-- Default test -->
  </suite> <!-- Default suite -->
</testng-results>
